<?xml version="1.0" encoding="UTF-8" ?>
<testsuite errors="0" skipped="0" tests="10" time="0.174" failures="0" name="org.apache.struts2.rest.RestActionInvoicationTest">
  <properties>
[...]
</properties>
  <testcase time="0.134" name="testFindParamsInName"/>
  <testcase time="0" name="testFindParamsInName_oneParam"/>
  <testcase time="0" name="testFindParamsInName_noParams"/>
  <testcase time="0.016" name="testFindMethod"/>
  <testcase time="0.001" name="testFindMethod_missingParams"/>
  <testcase time="0.001" name="testFindMethod_noParams"/>
  <testcase time="0.003" name="testCallAction"/>
  <testcase time="0.001" name="testCallAction_oneParam"/>
  <testcase time="0" name="testCallAction_noParam"/>
  <testcase time="0.001" name="testCallAction_withBody"/>
</testsuite>